<?xml version="1.0" encoding="UTF-8"?>
<!-- Generated by org.testng.reporters.JUnitReportReporter -->
<testsuite hostname="DESKTOP-426968J" failures="0" tests="4" name="com.TestNGFramework.org.PriorityExample1" time="0.015" errors="0" timestamp="25 Sep 2022 06:27:14 GMT" skipped="0">
  <testcase classname="com.TestNGFramework.org.PriorityExample1" name="abc" time="0.010"/>
  <testcase classname="com.TestNGFramework.org.PriorityExample1" name="shareef" time="0.001"/>
  <testcase classname="com.TestNGFramework.org.PriorityExample1" name="Shareef123" time="0.002"/>
  <testcase classname="com.TestNGFramework.org.PriorityExample1" name="xyz" time="0.002"/>
</testsuite> <!-- com.TestNGFramework.org.PriorityExample1 -->
