<?xml version="1.0" encoding="UTF-8"?>
<!-- Generated by org.testng.reporters.JUnitReportReporter -->
<testsuite hostname="DESKTOP-426968J" failures="0" tests="5" name="com.TestNGFramework.org.GroupsInTestNGExample1" time="0.053" errors="0" timestamp="29 Sep 2022 09:02:26 GMT" skipped="0">
  <testcase classname="com.TestNGFramework.org.GroupsInTestNGExample1" name="testMethod3" time="0.005"/>
  <testcase classname="com.TestNGFramework.org.GroupsInTestNGExample1" name="testMethod4" time="0.018"/>
  <testcase classname="com.TestNGFramework.org.GroupsInTestNGExample1" name="testMethod1" time="0.022"/>
  <testcase classname="com.TestNGFramework.org.GroupsInTestNGExample1" name="testMethod5" time="0.005"/>
  <testcase classname="com.TestNGFramework.org.GroupsInTestNGExample1" name="testMethod2" time="0.003"/>
</testsuite> <!-- com.TestNGFramework.org.GroupsInTestNGExample1 -->
