<?xml version="1.0" encoding="UTF-8"?>
<!-- Generated by org.testng.reporters.JUnitReportReporter -->
<testsuite hostname="DESKTOP-426968J" failures="0" tests="4" name="com.TestNGFramework.org.PriorityExample2" time="0.023" errors="0" timestamp="25 Sep 2022 06:41:16 GMT" skipped="0">
  <testcase classname="com.TestNGFramework.org.PriorityExample2" name="ABc" time="0.017"/>
  <testcase classname="com.TestNGFramework.org.PriorityExample2" name="ghi" time="0.002"/>
  <testcase classname="com.TestNGFramework.org.PriorityExample2" name="def" time="0.003"/>
  <testcase classname="com.TestNGFramework.org.PriorityExample2" name="Abc" time="0.001"/>
</testsuite> <!-- com.TestNGFramework.org.PriorityExample2 -->
