<?xml version="1.0" encoding="UTF-8"?>
<!-- Generated by org.testng.reporters.JUnitReportReporter -->
<testsuite hostname="DESKTOP-426968J" failures="0" tests="1" name="com.TestNGFramework.org.ParametersExample1" time="5.284" errors="0" timestamp="26 Sep 2022 04:07:02 GMT" skipped="0">
  <testcase classname="com.TestNGFramework.org.ParametersExample1" name="loginOfOrangeHRM" time="5.284"/>
</testsuite> <!-- com.TestNGFramework.org.ParametersExample1 -->
