<?xml version="1.0" encoding="UTF-8"?>
<!-- Generated by org.testng.reporters.JUnitReportReporter -->
<testsuite hostname="DESKTOP-426968J" failures="0" tests="1" name="com.TestNGFramework.org.OrangeHRMLogin_Test" time="5.307" errors="0" timestamp="24 Sep 2022 06:59:49 GMT" skipped="0">
  <testcase classname="com.TestNGFramework.org.OrangeHRMLogin_Test" name="loginOfOrangeHRM" time="5.307"/>
</testsuite> <!-- com.TestNGFramework.org.OrangeHRMLogin_Test -->
