<?xml version="1.0" encoding="UTF-8"?>
<!-- Generated by org.testng.reporters.JUnitReportReporter -->
<testsuite hostname="DESKTOP-426968J" failures="0" tests="1" name="com.TestNGFramework.org.TestScript2" time="25.620" errors="0" timestamp="27 Sep 2022 04:23:43 GMT" skipped="0">
  <testcase classname="com.TestNGFramework.org.TestScript2" name="loginOfOrangeHRM" time="25.620"/>
</testsuite> <!-- com.TestNGFramework.org.TestScript2 -->
