<?xml version="1.0" encoding="UTF-8"?>
<!-- Generated by org.testng.reporters.JUnitReportReporter -->
<testsuite hostname="DESKTOP-426968J" failures="0" tests="1" name="com.TestNGFramework.org.ParallelExample2" time="12.290" errors="0" timestamp="25 Sep 2022 07:55:16 GMT" skipped="0">
  <testcase classname="com.TestNGFramework.org.ParallelExample2" name="linkdinApp" time="12.290"/>
</testsuite> <!-- com.TestNGFramework.org.ParallelExample2 -->
