<?xml version="1.0" encoding="UTF-8"?>
<!-- Generated by org.testng.reporters.JUnitReportReporter -->
<testsuite hostname="DESKTOP-426968J" failures="0" tests="2" name="com.TestNGFramework.org.ParameterExample2" time="27.485" errors="0" timestamp="26 Sep 2022 04:32:32 GMT" skipped="0">
  <testcase classname="com.TestNGFramework.org.ParameterExample2" name="manageReview" time="17.546"/>
  <testcase classname="com.TestNGFramework.org.ParameterExample2" name="loginOfOrangeHRM" time="9.939"/>
</testsuite> <!-- com.TestNGFramework.org.ParameterExample2 -->
