<?xml version="1.0" encoding="UTF-8"?>
<!-- Generated by org.testng.reporters.JUnitReportReporter -->
<testsuite hostname="DESKTOP-426968J" failures="0" tests="4" name="com.TestNGFramework.org.InvocationCountExample1" time="0.016" errors="0" timestamp="25 Sep 2022 06:15:56 GMT" skipped="1">
  <testcase classname="com.TestNGFramework.org.InvocationCountExample1" name="testMethod1" time="0.013"/>
  <testcase classname="com.TestNGFramework.org.InvocationCountExample1" name="testMethod4" time="0.002"/>
  <testcase classname="com.TestNGFramework.org.InvocationCountExample1" name="testMethod2" time="0.001"/>
  <testcase classname="com.TestNGFramework.org.InvocationCountExample1" name="testMethod3">
    <skipped/>
  </testcase> <!-- testMethod3 -->
</testsuite> <!-- com.TestNGFramework.org.InvocationCountExample1 -->
