<?xml version="1.0" encoding="UTF-8"?>
<!-- Generated by org.testng.reporters.JUnitReportReporter -->
<testsuite hostname="DESKTOP-426968J" failures="0" tests="3" name="com.TestNGFramework.org.AnnotationExample2" time="0.008" errors="0" timestamp="24 Sep 2022 06:59:49 GMT" skipped="0">
  <testcase classname="com.TestNGFramework.org.AnnotationExample2" name="testMethod2" time="0.002"/>
  <testcase classname="com.TestNGFramework.org.AnnotationExample2" name="testMethod1" time="0.003"/>
  <testcase classname="com.TestNGFramework.org.AnnotationExample2" name="testMethod3" time="0.003"/>
</testsuite> <!-- com.TestNGFramework.org.AnnotationExample2 -->
