<?xml version="1.0" encoding="UTF-8"?>
<!-- Generated by org.testng.reporters.JUnitReportReporter -->
<testsuite hostname="DESKTOP-426968J" failures="0" tests="2" name="com.TestNGFramework.org.ParallelExample1" time="23.376" errors="0" timestamp="25 Sep 2022 07:55:16 GMT" skipped="0">
  <testcase classname="com.TestNGFramework.org.ParallelExample1" name="faceBookApp" time="10.981"/>
  <testcase classname="com.TestNGFramework.org.ParallelExample1" name="googleApp" time="12.395"/>
</testsuite> <!-- com.TestNGFramework.org.ParallelExample1 -->
